[0811/183218:ERROR:process_reader_win.cc(142)] SuspendThread: Access is denied. (0x5)
[0811/183218:ERROR:process_reader_win.cc(233)] ReadMemory at 0x13f330000 of 64 bytes failed: Only part of a ReadProcessMemory or WriteProcessMemory request was completed. (0x12B)
[0811/183218:WARNING:pe_image_reader.cc(281)] could not read dos header from C:\Program Files (x86)\Google\Chrome\Application\chrome.exe
[0811/183218:ERROR:process_reader_win.cc(233)] ReadMemory at 0x76f10000 of 64 bytes failed: Only part of a ReadProcessMemory or WriteProcessMemory request was completed. (0x12B)
[0811/183218:WARNING:pe_image_reader.cc(281)] could not read dos header from C:\WINDOWS\SYSTEM32\ntdll.dll
[0811/183218:ERROR:process_reader_win.cc(233)] ReadMemory at 0x7fefccb0000 of 64 bytes failed: Only part of a ReadProcessMemory or WriteProcessMemory request was completed. (0x12B)
[0811/183218:WARNING:pe_image_reader.cc(281)] could not read dos header from C:\WINDOWS\system32\KERNELBASE.dll
[0811/183218:ERROR:process_reader_win.cc(233)] ReadMemory at 0x76cf0000 of 64 bytes failed: Only part of a ReadProcessMemory or WriteProcessMemory request was completed. (0x12B)
[0811/183218:WARNING:pe_image_reader.cc(281)] could not read dos header from C:\WINDOWS\system32\kernel32.dll
[0811/183218:ERROR:process_reader_win.cc(233)] ReadMemory at 0x7fefde80000 of 64 bytes failed: Only part of a ReadProcessMemory or WriteProcessMemory request was completed. (0x12B)
[0811/183218:WARNING:pe_image_reader.cc(281)] could not read dos header from C:\WINDOWS\system32\msvcrt.dll
[0811/183218:ERROR:process_reader_win.cc(233)] ReadMemory at 0x7feff010000 of 64 bytes failed: Only part of a ReadProcessMemory or WriteProcessMemory request was completed. (0x12B)
[0811/183218:WARNING:pe_image_reader.cc(281)] could not read dos header from C:\WINDOWS\system32\RPCRT4.dll
[0811/183218:ERROR:process_reader_win.cc(233)] ReadMemory at 0x7fefd260000 of 64 bytes failed: Only part of a ReadProcessMemory or WriteProcessMemory request was completed. (0x12B)
[0811/183218:WARNING:pe_image_reader.cc(281)] could not read dos header from C:\WINDOWS\SYSTEM32\sechost.dll
[0811/183218:ERROR:process_reader_win.cc(233)] ReadMemory at 0x7fefd550000 of 64 bytes failed: Only part of a ReadProcessMemory or WriteProcessMemory request was completed. (0x12B)
[0811/183218:WARNING:pe_image_reader.cc(281)] could not read dos header from C:\WINDOWS\system32\ADVAPI32.dll
[0811/183218:ERROR:process_reader_win.cc(233)] ReadMemory at 0x7fef4bd0000 of 64 bytes failed: Only part of a ReadProcessMemory or WriteProcessMemory request was completed. (0x12B)
[0811/183218:WARNING:pe_image_reader.cc(281)] could not read dos header from C:\Program Files (x86)\Google\Chrome\Application\52.0.2743.82\chrome_elf.dll
[0811/183218:ERROR:process_reader_win.cc(233)] ReadMemory at 0x7fefbd40000 of 64 bytes failed: Only part of a ReadProcessMemory or WriteProcessMemory request was completed. (0x12B)
[0811/183218:WARNING:pe_image_reader.cc(281)] could not read dos header from C:\WINDOWS\system32\VERSION.dll
[0811/183218:ERROR:process_reader_win.cc(233)] ReadMemory at 0x7fefd630000 of 64 bytes failed: Only part of a ReadProcessMemory or WriteProcessMemory request was completed. (0x12B)
[0811/183218:WARNING:pe_image_reader.cc(281)] could not read dos header from C:\WINDOWS\system32\USP10.dll
[0811/183218:ERROR:process_reader_win.cc(233)] ReadMemory at 0x7fefde70000 of 64 bytes failed: Only part of a ReadProcessMemory or WriteProcessMemory request was completed. (0x12B)
[0811/183218:WARNING:pe_image_reader.cc(281)] could not read dos header from C:\WINDOWS\system32\LPK.dll
[0811/183218:ERROR:process_reader_win.cc(233)] ReadMemory at 0x7fefd460000 of 64 bytes failed: Only part of a ReadProcessMemory or WriteProcessMemory request was completed. (0x12B)
[0811/183218:WARNING:pe_image_reader.cc(281)] could not read dos header from C:\WINDOWS\system32\GDI32.dll
[0811/183218:ERROR:process_reader_win.cc(233)] ReadMemory at 0x76e10000 of 64 bytes failed: Only part of a ReadProcessMemory or WriteProcessMemory request was completed. (0x12B)
[0811/183218:WARNING:pe_image_reader.cc(281)] could not read dos header from C:\WINDOWS\system32\USER32.dll
[0811/183218:ERROR:process_reader_win.cc(233)] ReadMemory at 0x7fefa4e0000 of 64 bytes failed: Only part of a ReadProcessMemory or WriteProcessMemory request was completed. (0x12B)
[0811/183218:WARNING:pe_image_reader.cc(281)] could not read dos header from C:\WINDOWS\system32\WINMM.dll
[0811/183218:ERROR:process_reader_win.cc(233)] ReadMemory at 0x7fefcc90000 of 64 bytes failed: Only part of a ReadProcessMemory or WriteProcessMemory request was completed. (0x12B)
[0811/183218:WARNING:pe_image_reader.cc(281)] could not read dos header from C:\WINDOWS\system32\profapi.dll
[0811/183218:ERROR:process_reader_win.cc(233)] ReadMemory at 0x7fefcd20000 of 64 bytes failed: Only part of a ReadProcessMemory or WriteProcessMemory request was completed. (0x12B)
[0811/183218:WARNING:pe_image_reader.cc(281)] could not read dos header from C:\WINDOWS\system32\USERENV.dll
[0811/183218:ERROR:process_reader_win.cc(233)] ReadMemory at 0x7fefa790000 of 64 bytes failed: Only part of a ReadProcessMemory or WriteProcessMemory request was completed. (0x12B)
[0811/183218:WARNING:pe_image_reader.cc(281)] could not read dos header from C:\WINDOWS\system32\WTSAPI32.dll
[0811/183218:ERROR:process_reader_win.cc(233)] ReadMemory at 0x7fef8d20000 of 64 bytes failed: Only part of a ReadProcessMemory or WriteProcessMemory request was completed. (0x12B)
[0811/183218:WARNING:pe_image_reader.cc(281)] could not read dos header from C:\WINDOWS\system32\webio.dll
[0811/183218:ERROR:process_reader_win.cc(233)] ReadMemory at 0x7fef8d90000 of 64 bytes failed: Only part of a ReadProcessMemory or WriteProcessMemory request was completed. (0x12B)
[0811/183218:WARNING:pe_image_reader.cc(281)] could not read dos header from C:\WINDOWS\system32\WINHTTP.dll
[0811/183218:ERROR:process_reader_win.cc(233)] ReadMemory at 0x7fefdfe0000 of 64 bytes failed: Only part of a ReadProcessMemory or WriteProcessMemory request was completed. (0x12B)
[0811/183218:WARNING:pe_image_reader.cc(281)] could not read dos header from C:\WINDOWS\system32\MSCTF.dll
[0811/183218:ERROR:process_reader_win.cc(233)] ReadMemory at 0x7fefd800000 of 64 bytes failed: Only part of a ReadProcessMemory or WriteProcessMemory request was completed. (0x12B)
[0811/183218:WARNING:pe_image_reader.cc(281)] could not read dos header from C:\WINDOWS\system32\IMM32.DLL
[0811/183218:ERROR:process_reader_win.cc(233)] ReadMemory at 0x7fefa230000 of 64 bytes failed: Only part of a ReadProcessMemory or WriteProcessMemory request was completed. (0x12B)
[0811/183218:WARNING:pe_image_reader.cc(281)] could not read dos header from C:\Program Files\McAfee\Host Intrusion Prevention\HcApi.dll
[0811/183218:ERROR:process_reader_win.cc(233)] ReadMemory at 0x72f30000 of 64 bytes failed: Only part of a ReadProcessMemory or WriteProcessMemory request was completed. (0x12B)
[0811/183218:WARNING:pe_image_reader.cc(281)] could not read dos header from C:\Program Files\McAfee\Host Intrusion Prevention\HcThe.dll
[0811/183218:ERROR:process_reader_win.cc(233)] ReadMemory at 0x7fefd4d0000 of 64 bytes failed: Only part of a ReadProcessMemory or WriteProcessMemory request was completed. (0x12B)
[0811/183218:WARNING:pe_image_reader.cc(281)] could not read dos header from C:\WINDOWS\system32\SHLWAPI.dll
[0811/183218:ERROR:process_reader_win.cc(233)] ReadMemory at 0xaf0000 of 64 bytes failed: Only part of a ReadProcessMemory or WriteProcessMemory request was completed. (0x12B)
[0811/183218:WARNING:pe_image_reader.cc(281)] could not read dos header from C:\WINDOWS\system32\SHELL32.dll
[0811/183218:ERROR:process_reader_win.cc(233)] ReadMemory at 0x770d0000 of 64 bytes failed: Only part of a ReadProcessMemory or WriteProcessMemory request was completed. (0x12B)
[0811/183218:WARNING:pe_image_reader.cc(281)] could not read dos header from C:\WINDOWS\system32\PSAPI.DLL
[0811/183218:ERROR:process_reader_win.cc(233)] ReadMemory at 0x7fef4070000 of 64 bytes failed: Only part of a ReadProcessMemory or WriteProcessMemory request was completed. (0x12B)
[0811/183218:WARNING:pe_image_reader.cc(281)] could not read dos header from C:\WINDOWS\system32\WINSPOOL.DRV
[0811/183218:ERROR:process_reader_win.cc(233)] ReadMemory at 0x7fefb270000 of 64 bytes failed: Only part of a ReadProcessMemory or WriteProcessMemory request was completed. (0x12B)
[0811/183218:WARNING:pe_image_reader.cc(281)] could not read dos header from C:\WINDOWS\WinSxS\amd64_microsoft.windows.common-controls_6595b64144ccf1df_6.0.7601.18837_none_fa3b1e3d17594757\COMCTL32.dll
[0811/183218:ERROR:process_reader_win.cc(233)] ReadMemory at 0x7fefd760000 of 64 bytes failed: Only part of a ReadProcessMemory or WriteProcessMemory request was completed. (0x12B)
[0811/183218:WARNING:pe_image_reader.cc(281)] could not read dos header from C:\WINDOWS\system32\COMDLG32.dll
[0811/183218:ERROR:process_reader_win.cc(233)] ReadMemory at 0x7fefd050000 of 64 bytes failed: Only part of a ReadProcessMemory or WriteProcessMemory request was completed. (0x12B)
[0811/183218:WARNING:pe_image_reader.cc(281)] could not read dos header from C:\WINDOWS\system32\ole32.dll
[0811/183218:ERROR:process_reader_win.cc(233)] ReadMemory at 0x7feff140000 of 64 bytes failed: Only part of a ReadProcessMemory or WriteProcessMemory request was completed. (0x12B)
[0811/183218:WARNING:pe_image_reader.cc(281)] could not read dos header from C:\WINDOWS\system32\OLEAUT32.dll
[0811/183218:ERROR:process_reader_win.cc(233)] ReadMemory at 0x7fefd750000 of 64 bytes failed: Only part of a ReadProcessMemory or WriteProcessMemory request was completed. (0x12B)
[0811/183218:WARNING:pe_image_reader.cc(281)] could not read dos header from C:\WINDOWS\system32\NSI.dll
[0811/183218:ERROR:process_reader_win.cc(233)] ReadMemory at 0x7fefa670000 of 64 bytes failed: Only part of a ReadProcessMemory or WriteProcessMemory request was completed. (0x12B)
[0811/183218:WARNING:pe_image_reader.cc(281)] could not read dos header from C:\WINDOWS\system32\WINNSI.DLL
[0811/183218:ERROR:process_reader_win.cc(233)] ReadMemory at 0x7fefa690000 of 64 bytes failed: Only part of a ReadProcessMemory or WriteProcessMemory request was completed. (0x12B)
[0811/183218:WARNING:pe_image_reader.cc(281)] could not read dos header from C:\WINDOWS\system32\IPHLPAPI.DLL
[0811/183218:ERROR:process_reader_win.cc(233)] ReadMemory at 0x7fefd700000 of 64 bytes failed: Only part of a ReadProcessMemory or WriteProcessMemory request was completed. (0x12B)
[0811/183218:WARNING:pe_image_reader.cc(281)] could not read dos header from C:\WINDOWS\system32\WS2_32.dll
[0811/183218:ERROR:process_reader_win.cc(233)] ReadMemory at 0x7fefcca0000 of 64 bytes failed: Only part of a ReadProcessMemory or WriteProcessMemory request was completed. (0x12B)
[0811/183218:WARNING:pe_image_reader.cc(281)] could not read dos header from C:\WINDOWS\system32\MSASN1.dll
[0811/183218:ERROR:process_reader_win.cc(233)] ReadMemory at 0x7fefcee0000 of 64 bytes failed: Only part of a ReadProcessMemory or WriteProcessMemory request was completed. (0x12B)
[0811/183218:WARNING:pe_image_reader.cc(281)] could not read dos header from C:\WINDOWS\system32\CRYPT32.dll
[0811/183218:ERROR:process_reader_win.cc(233)] ReadMemory at 0x7fefcd90000 of 64 bytes failed: Only part of a ReadProcessMemory or WriteProcessMemory request was completed. (0x12B)
[0811/183218:WARNING:pe_image_reader.cc(281)] could not read dos header from C:\WINDOWS\system32\WINTRUST.dll
[0811/183218:ERROR:process_reader_win.cc(233)] ReadMemory at 0x7fefc890000 of 64 bytes failed: Only part of a ReadProcessMemory or WriteProcessMemory request was completed. (0x12B)
[0811/183218:WARNING:pe_image_reader.cc(281)] could not read dos header from C:\WINDOWS\system32\Secur32.dll
[0811/183218:ERROR:process_reader_win.cc(233)] ReadMemory at 0x7fefca60000 of 64 bytes failed: Only part of a ReadProcessMemory or WriteProcessMemory request was completed. (0x12B)
[0811/183218:WARNING:pe_image_reader.cc(281)] could not read dos header from C:\WINDOWS\system32\SSPICLI.DLL
[0811/183218:ERROR:process_reader_win.cc(233)] ReadMemory at 0x7fee5370000 of 64 bytes failed: Only part of a ReadProcessMemory or WriteProcessMemory request was completed. (0x12B)
[0811/183218:WARNING:pe_image_reader.cc(281)] could not read dos header from C:\Program Files (x86)\Google\Chrome\Application\52.0.2743.82\chrome_child.dll
[0811/183218:ERROR:process_reader_win.cc(233)] ReadMemory at 0x7fefcaf0000 of 64 bytes failed: Only part of a ReadProcessMemory or WriteProcessMemory request was completed. (0x12B)
[0811/183218:WARNING:pe_image_reader.cc(281)] could not read dos header from C:\WINDOWS\system32\cryptbase.dll
[0811/183218:ERROR:process_reader_win.cc(233)] ReadMemory at 0x7fee9070000 of 64 bytes failed: Only part of a ReadProcessMemory or WriteProcessMemory request was completed. (0x12B)
[0811/183218:WARNING:pe_image_reader.cc(281)] could not read dos header from C:\WINDOWS\system32\dwrite.dll
[0811/183218:ERROR:process_reader_win.cc(233)] ReadMemory at 0x13f419170 of 12 bytes failed: Only part of a ReadProcessMemory or WriteProcessMemory request was completed. (0x12B)
[0811/183218:WARNING:process_snapshot_win.cc(104)] ReadMemory ExceptionInformation failed
[0811/183218:WARNING:crash_report_exception_handler.cc(60)] ProcessSnapshotWin::InitializeException failed
[0811/183218:ERROR:scoped_process_suspend.cc(38)] NtResumeProcess, ntstatus=-1073741558
